{"GET":"/books"}
{"GET":"/books/topsellers"}
{"GET":"/users"}
{"GET":"/users?fname=mintes&lname=geb"}
{"GET":"/users?fname=mintes&lname=geb"}
{"GET":"/users?fname=mintes&lname=geb"}
{"GET":"/users?fname=mintes&lname=geb"}
{"GET":"/users?fname=mintes&lname=geb"}
{"GET":"/users?fname=mintes&lname=geb"}
{"GET":"/users?fname=mintes&lname=geb"}
{"GET":"/users?fname=mintes&lname=geb"}
{"GET":"/users?fname=&lname=geb"}
{"POST":"/users?fname=&lname=geb"}
{"GET":"/users?fname=&lname=geb"}
{"POST":"/users?fname=&lname=geb"}
{"POST":"/users?fname=&lname=geb"}
{"POST":"/users?fname=&lname=geb"}
{"GET":"/users?fname=&lname=geb"}
{"GET":"/users"}
{"GET":"/users"}
{"GET":"/users"}
{"GET":"/users?fname=&lname=geb"}
{"GET":"/users?fname=&lname=geb"}
{"GET":"/users"}
{"GET":"/users"}
{"GET":"/users"}
{"GET":"/users"}
{"GET":"/users"}
{"GET":"/books"}
{"GET":"/books"}
