
{"/courses":"GET"}
{"/courses":"POST"}
{"/courses":"GET"}
{"/courses":"POST"}
{"/students":"POST"}
{"/students":"GET"}
{"/students":"POST"}
{"/courses":"POST"}
{"/courses/msd?teacher=umur&classtype=online":"POST"}
{"/courses/msd?teacher=umur&classtype=online":"POST"}
{"/courses/msd?teacher=umur&classtype=online":"GET"}
{"/courses/msd?teacher=umur&classtype=online":"GET"}
{"/courses/msd?teacher=umur&classtype=online":"POST"}
{"/courses/msd?teacher=umur&classtype=online":"POST"}
{"/courses/msd?teacher=umur&classtype=online":"GET"}
{"/courses/msd?teacher=umur&classtype=online":"GET"}
{"/courses/msd?teacher=umur&classtype=online":"GET"}
{"/courses/msd?teacher=umur&classtype=online":"POST"}
{"/courses/msd?teacher=umur&classtype=online":"GET"}
{"/users":"GET"}
{"/users":"GET"}
{"/users":"GET"}
{"/users":"GET"}
{"/users":"GET"}
{"/users":"GET"}
{"/users":"POST"}
{"/users":"POST"}
{"/users":"POST"}
{"/users":"GET"}
{"/users":"POST"}
{"/users":"POST"}
{"/users":"POST"}
{"/users":"GET"}
{"/users":"POST"}
{"/users":"POST"}
{"/users":"GET"}
{"/users":"POST"}
{"/users":"POST"}
{"/users":"GET"}
{"/users":"POST"}
{"/users":"POST"}
{"/users":"GET"}
{"/users":"GET"}
{"/users":"POST"}
{"/users":"POST"}
{"/users":"POST"}
{"/users":"POST"}
{"/users":"POST"}
{"/users":"POST"}
{"/users":"POST"}
{"/users":"POST"}
{"/users":"POST"}
{"/users":"POST"}
{"/users":"POST"}
{"/users":"POST"}
{"/users":"POST"}
{"/users":"POST"}
{"/users":"POST"}
{"/users":"POST"}
{"/users":"POST"}
{"/users":"POST"}
{"/users":"POST"}
{"/users":"POST"}